58
165
117
85
160
60
83
163
97
100
80
107
6
119
173
65
18
147
51
165
212
56
7
129
127
81
33
72
174
129
136
193
35
86
2
162
139
51
178
52
129
125
217
108
113
238
29
20
129
92
49
54
74
82
137
102
8
245
184
175
60
46
34
9
74
48
242
97
2
129
129
129
9
217
162
200
236
129
129
12
95
193
10
23
84
127
117
92
193
218
103
154
122
75
144
17
100
29
150
235
23
224
58
129
49
150
82
225
157
75
51
8
1
114
32
114
121
93
102
200
171
58
169
46
5
14
24
12
38
75
79
122
63
118
166
132
128
155
186
147
183
215
129
235
117
158
19
218
191
35
223
129
77
85
24
105
136
57
8
175
43
6
47
60
225
57
153
157
170
109
106
47
53
212
204
56
40
229
72
245
156
82
99
129
245
205
6
134
218
13
11
5
50
196
92
31
48
123
112
33
139
113
182
60
211
40
148
151
90
78
40
15
23
129
191
179
10
30
114
168
50
126
55
126
162
192
82
113
134
37
12
146
129
20
113
116
89
235
125
28
105
223
10
8
121
79
3
35
158
145
202
93
5
138
204
142
129
135
188
82
65
108
114
44
23
76
117
134
24
129
4
77
103
230
43
91
151
121
148
98
148
171
27
129
64
226
52
40
190
185
130
154
53
64
33
19
94
63
225
66
70
120
16
127
141
129
244
32
57
7
27
143
71
23
51
35
65
5
66
163
53
33
129
112
39
193
78
209
36
204
183
166
131
74
37
70
157
87
206
139
92
186
129
146
240
162
85
210
129
58
240
112
186
65
129
94
202
92
252
1
26
23
80
129
223
197
225
129
24
129
74
74
164
56
70
130
129
35
98
135
33
19
21
74
36
146
127
162
49
52
210
113
97
126
129
63
205
147
29
75
224
65
215
189
205
43
161
128
100
129
105
138
32
60
221
12
113
209
193
129
49
203
103
49
193
41
193
75
10
172
142
170
40
159
159
65
166
216
143
45
90
41
4
15
214
76
5
123
218
93
146
42
237
141
129
33
42
33
14
26
172
217
111
34
238
70
150
64
153
84
97
170
88
47
86
79
129
144
159
185
190
222
233
185
100
194
69
249
129
116
158
244
172
129
205
24
59
25
129
33
13925882
