1
3
6
8
13
15
19
24
26
30
36
39
43
51
58
64
65
79
79
81
96
110
116
134
153
120
139
140
159
187
188
216
231
253
188
224
222
201
225
205
229
229
243
265
237
247
263
275
306
290
312
355
320
333
360
380
335
369
416
473
411
450
479
395
415
453
411
458
525
595
589
515
479
531
488
517
544
552
544
546
586
644
580
636
556
586
614
583
631
616
589
667
734
656
733
681
681
695
708
718
805
878
761
794
802
814
829
895
837
929
822
799
803
856
855
913
1015
858
910
911
905
843
883
849
893
917
999
1066
1168
1275
1388
1169
1064
1198
1035
1118
1103
1207
1199
1207
1323
1180
1156
1279
1113
1128
1238
1116
1177
1290
1095
1128
1168
1195
1213
1357
1280
1341
1353
1329
1441
1327
1364
1344
1414
1333
1329
1359
1326
1314
1437
1594
1578
1401
1498
1414
1488
1446
1525
1524
1393
1524
1526
1623
1769
1771
1705
1571
1511
1558
1589
1511
1526
1596
1586
1688
1689
1652
1685
1598
1641
1673
1642
1791
1925
2066
1646
1709
1894
1827
1793
1881
2017
1917
1929
1952
1743
1859
1843
1845
1965
1965
2032
1979
2168
2035
2067
2203
2175
2099
1987
1977
2067
2301
2529
2435
2226
2314
2435
2588
2246
2286
2471
2481
2438
2190
2339
2393
2194
2147
2282
2242
2239
2383
2343
2368
2264
2249
2410
2212
2333
2336
2305
2204
2319
2255
2303
2426
2442
2656
2418
2555
2642
2803
2685
2679
2866
2980
2531
2530
2680
2765
2607
2875
2673
2856
2802
2584
2708
2805
3016
2597
2862
2860
2740
2670
2854
2751
2683
2959
3148
2891
3083
3192
2888
2810
3105
3116
2905
2704
2748
2708
2784
2763
2732
2824
3019
2926
2859
3023
2966
2936
3049
3158
3126
2928
3249
3026
3051
3121
3318
3297
3160
3310
3018
3099
3226
3405
3727
3539
3632
3407
3653
3206
3386
3344
3355
3606
3739
3997
3384
3295
3335
3273
3379
3277
3246
3421
3484
3814
3998
4022
3516
3578
3832
3954
4274
3563
3669
3457
3716
3698
3980
3884
3603
3880
3965
4164
3699
4063
4065
3791
3985
3656
3897
3850
3916
3959
3643
3852
3752
4073
3982
4288
3933
4239
3858
3947
3673
3838
4087
3751
3806
4090
3826
3901
4153
3958
3772
3743
3836
3764
3907
4257
3960
4320
4315
4067
4198
3983
4257
4129
4395
4018
4228
3925
4254
4184
4233
4309
4364
4419
4753
4444
4429
4716
4447
4644
4684
4968
4961
5328
4420
4402
4388
4664
4954
4617
4298
4332
4562
4267
4234
4425
4309
4534
4983
4554
4593
4670
4993
4640
4604
4640
4393
4550
4461
4390
4390
4494
4541
4485
4650
4458
4620
4789
5259
5041
4952
4688
5014
4809
4814
4986
5119
4925
5040
5052
5511
5289
5518
5250
5228
4940
4939
5179
5375
4905
4782
5036
4668
4671
4926
4736
5083
4907
5400
5141
5314
4945
5107
5187
5408
5182
5210
5619
5986
4943
4966
5218
5322
5323
5252
5302
5119
5528
5392
5515
5577
6082
5371
5264
5345
5684
5232
5419
5497
5314
5298
5133
5278
5712
5601
5718
5706
5947
5929
6379
5998
6394
6352
6880
6248
6077
5952
6478
6354
6073
5849
5643
5661
5597
5682
5837
5873
5914
6059
6143
6526
5870
5997
6423
5961
6116
6313
6385
6468
7038
6514
6850
6074
6093
6070
5916
6145
6256
6196
6182
6052
5994
6486
6263
6104
6039
6125
5943
6074
6564
6361
6725
6942
6876
6135
6605
6239
6781
6841
7073
6365
6676
6583
6716
7087
7426
6393
6403
6521
6480
7093
7410
6886
7184
6934
6999
7217
6979
7421
7258
7745
8270
8638
7513
7059
7135
6602
6724
6906
7231
7091
6582
6677
6999
6712
7046
7475
7111
7716
8202
8071
7117
7026
6972
6815
7213
7255
7560
6740
7302
7123
7699
7769
7035
6917
6808
6999
7142
7279
7498
7216
7211
7090
7684
7161
7292
7187
7572
7218
7440
7731
7522
7559
7944
7601
7940
8338
7340
7947
7672
7424
7756
8244
7920
8057
7682
8313
7925
7382
7670
7454
7860
8302
8522
9046
9588
8518
8544
7704
7448
7580
7861
7784
7544
7856
7902
8201
7818
7807
7631
8037
7592
7699
8101
8585
7936
8347
7993
8448
7954
8164
8113
7828
8048
8242
8240
7855
8411
7951
8225
7813
8010
8102
7796
7869
8249
8185
8078
8613
8298
8581
9296
9062
8481
9019
8595
8226
8454
8385
8107
8465
8273
8885
8488
8805
8473
8220
8339
8298
8312
8370
8183
8332
8469
8309
8615
8809
9299
9056
8859
8891
9639
10099
10881
9479
9895
8890
9408
10008
8930
8810
9337
9261
8786
8796
9146
9867
9082
8863
8953
8732
8742
9187
9071
8786
9017
9221
9125
9126
8835
9043
9521
9174
8947
8944
8796
8788
8720
9481
9142
9443
9959
10505
10084
9386
10089
9760
10239
9236
9314
9824
9629
8797
9374
8819
9153
9634
9460
9129
9775
10344
9973
9734
9787
10135
10265
9749
10559
9535
9707
9668
10220
11018
11266
10429
10121
10163
9554
10204
10876
9579
9746
9846
10592
10158
10310
9946
9457
9664
9629
9550
9658
10146
10518
9620
10312
10173
10945
10167
10385
10040
9929
9796
10343
10090
10911
11063
10417
10890
10561
10416
10511
10639
11098
10590
10745
10499
10137
10459
9576
9888
9904
9832
9573
10245
11142
10177
10428
11199
10674
9949
10616
10368
10307
10351
10062
10376
10541
11048
10785
10134
10334
10817
10501
11160
11906
11407
10704
10948
10998
11546
11995
11389
11282
12048
11054
11466
11340
12070
11325
11885
11011
11172
11459
11378
12012
11215
11463
12156
11592
11247
11787
12232
11356
11884
12079
11089
11933
11176
11284
11195
11338
10898
11628
11080
11365
11258
10563
10906
11534
11037
11913
12831
12536
11713
11417
12260
11335
11313
11747
11232
11540
11767
11526
11360
11243
11412
11657
11633
11597
11970
11928
12508
11582
11386
11549
12186
12463
11913
12826
13574
12793
